#-----------------------------------------------------------
# Vivado v2020.2 (64-bit)
# SW Build 3064766 on Wed Nov 18 09:12:45 MST 2020
# IP Build 3064653 on Wed Nov 18 14:17:31 MST 2020
# Start of session at: Mon Jun 27 14:43:28 2022
# Process ID: 10308
# Current directory: C:/Users/Dusan/Desktop/8_semestar/system_level/devider
# Command line: vivado.exe -gui_launcher_event rodinguilauncherevent7072 C:\Users\Dusan\Desktop\8_semestar\system_level\devider\devider.xpr
# Log file: C:/Users/Dusan/Desktop/8_semestar/system_level/devider/vivado.log
# Journal file: C:/Users/Dusan/Desktop/8_semestar/system_level/devider\vivado.jou
#-----------------------------------------------------------
start_gui
open_project C:/Users/Dusan/Desktop/8_semestar/system_level/devider/devider.xpr
WARNING: [filemgmt 56-3] Default IP Output Path : Could not find the directory 'C:/Users/Dusan/Desktop/8_semestar/system_level/devider/devider.gen/sources_1'.
Scanning sources...
Finished scanning sources
INFO: [IP_Flow 19-234] Refreshing IP repositories
INFO: [IP_Flow 19-1704] No user IP repositories specified
INFO: [IP_Flow 19-2313] Loaded Vivado IP repository 'E:/Xilinx/Vivado/2020.2/data/ip'.
open_project: Time (s): cpu = 00:00:19 ; elapsed = 00:00:08 . Memory (MB): peak = 1143.227 ; gain = 0.000
update_compile_order -fileset sources_1
exit
INFO: [Common 17-206] Exiting Vivado at Mon Jun 27 14:44:42 2022...
